<?xml version="1.0" encoding="UTF-8"?>
<!-- Generated by org.testng.reporters.JUnitReportReporter -->
<testsuite hostname="Njabulos-iMac.local" failures="0" tests="1" name="auto.selenium.testng_reporting.ILabAssesment" time="36.017" errors="0" timestamp="26 May 2019 19:15:32 GMT" skipped="0">
  <testcase classname="auto.selenium.testng_reporting.ILabAssesment" name="succesfulLogin" time="36.017"/>
</testsuite> <!-- auto.selenium.testng_reporting.ILabAssesment -->
